{
  "stats": {
    "suites": 1,
    "tests": 4,
    "passes": 4,
    "pending": 0,
    "failures": 0,
    "start": "2025-10-27T13:00:37.400Z",
    "end": "2025-10-27T13:00:43.430Z",
    "duration": 6030,
    "testsRegistered": 4,
    "passPercent": 100,
    "pendingPercent": 0,
    "other": 0,
    "hasOther": false,
    "skipped": 0,
    "hasSkipped": false
  },
  "results": [
    {
      "uuid": "c767aa82-f8a7-44bc-9118-78a42fe69310",
      "title": "",
      "fullFile": "/Users/elsa.fauzia/Documents/qa_enginner_digial_skola/tasks/mocha_web_fundamental/tests/sorting.js",
      "file": "/tests/sorting.js",
      "beforeHooks": [],
      "afterHooks": [],
      "tests": [],
      "suites": [
        {
          "uuid": "f5a542b3-f8d3-4e3d-a6fc-6d152972b6ef",
          "title": "Saucedemo Sorting Tests",
          "fullFile": "/Users/elsa.fauzia/Documents/qa_enginner_digial_skola/tasks/mocha_web_fundamental/tests/sorting.js",
          "file": "/tests/sorting.js",
          "beforeHooks": [],
          "afterHooks": [],
          "tests": [
            {
              "title": "Sort by Name A to Z (default)",
              "fullTitle": "Saucedemo Sorting Tests Sort by Name A to Z (default)",
              "timedOut": false,
              "duration": 5770,
              "state": "passed",
              "speed": "slow",
              "pass": true,
              "fail": false,
              "pending": false,
              "context": null,
              "code": "await setupDriver();\nawait login();\nawait selectSort(\"az\");",
              "err": {},
              "uuid": "d56ff98c-f3b6-4797-bc07-247897f36a17",
              "parentUUID": "f5a542b3-f8d3-4e3d-a6fc-6d152972b6ef",
              "isHook": false,
              "skipped": false
            },
            {
              "title": "Sort by Name Z to A",
              "fullTitle": "Saucedemo Sorting Tests Sort by Name Z to A",
              "timedOut": false,
              "duration": 74,
              "state": "passed",
              "speed": "medium",
              "pass": true,
              "fail": false,
              "pending": false,
              "context": null,
              "code": "await selectSort(\"za\");",
              "err": {},
              "uuid": "b34ae70b-16b3-4132-9ba4-74070edad35c",
              "parentUUID": "f5a542b3-f8d3-4e3d-a6fc-6d152972b6ef",
              "isHook": false,
              "skipped": false
            },
            {
              "title": "Sort by Price Low to High",
              "fullTitle": "Saucedemo Sorting Tests Sort by Price Low to High",
              "timedOut": false,
              "duration": 59,
              "state": "passed",
              "speed": "medium",
              "pass": true,
              "fail": false,
              "pending": false,
              "context": null,
              "code": "await selectSort(\"lohi\");",
              "err": {},
              "uuid": "c665064a-6f76-448f-8e67-cfece48ccb6b",
              "parentUUID": "f5a542b3-f8d3-4e3d-a6fc-6d152972b6ef",
              "isHook": false,
              "skipped": false
            },
            {
              "title": "Sort by Price High to Low",
              "fullTitle": "Saucedemo Sorting Tests Sort by Price High to Low",
              "timedOut": false,
              "duration": 121,
              "state": "passed",
              "speed": "slow",
              "pass": true,
              "fail": false,
              "pending": false,
              "context": null,
              "code": "await selectSort(\"hilo\");\nawait driver.quit();",
              "err": {},
              "uuid": "caa9ca37-a76c-4fc1-be4e-b5e84635c62f",
              "parentUUID": "f5a542b3-f8d3-4e3d-a6fc-6d152972b6ef",
              "isHook": false,
              "skipped": false
            }
          ],
          "suites": [],
          "passes": [
            "d56ff98c-f3b6-4797-bc07-247897f36a17",
            "b34ae70b-16b3-4132-9ba4-74070edad35c",
            "c665064a-6f76-448f-8e67-cfece48ccb6b",
            "caa9ca37-a76c-4fc1-be4e-b5e84635c62f"
          ],
          "failures": [],
          "pending": [],
          "skipped": [],
          "duration": 6024,
          "root": false,
          "rootEmpty": false,
          "_timeout": 60000
        }
      ],
      "passes": [],
      "failures": [],
      "pending": [],
      "skipped": [],
      "duration": 0,
      "root": true,
      "rootEmpty": true,
      "_timeout": 60000
    }
  ],
  "meta": {
    "mocha": {
      "version": "11.7.4"
    },
    "mochawesome": {
      "options": {
        "quiet": false,
        "reportFilename": "mochawesome",
        "saveHtml": true,
        "saveJson": true,
        "consoleReporter": "spec",
        "useInlineDiffs": false,
        "code": true
      },
      "version": "7.1.4"
    },
    "marge": {
      "options": null,
      "version": "6.3.0"
    }
  }
}