{
  "stats": {
    "suites": 1,
    "tests": 4,
    "passes": 4,
    "pending": 0,
    "failures": 0,
    "start": "2025-10-25T09:18:41.279Z",
    "end": "2025-10-25T09:18:50.839Z",
    "duration": 9560,
    "testsRegistered": 4,
    "passPercent": 100,
    "pendingPercent": 0,
    "other": 0,
    "hasOther": false,
    "skipped": 0,
    "hasSkipped": false
  },
  "results": [
    {
      "uuid": "5578428f-dd42-4507-abad-c17d26446932",
      "title": "",
      "fullFile": "/Users/elsa.fauzia/Documents/qa_enginner_digial_skola/tasks/mocha_web_fundamental/tests/sorting.js",
      "file": "/tests/sorting.js",
      "beforeHooks": [],
      "afterHooks": [],
      "tests": [],
      "suites": [
        {
          "uuid": "31aad28c-c05d-42eb-ad0e-9b95067e9b43",
          "title": "Saucedemo Sorting Tests",
          "fullFile": "/Users/elsa.fauzia/Documents/qa_enginner_digial_skola/tasks/mocha_web_fundamental/tests/sorting.js",
          "file": "/tests/sorting.js",
          "beforeHooks": [],
          "afterHooks": [],
          "tests": [
            {
              "title": "Sort by Name A to Z (default)",
              "fullTitle": "Saucedemo Sorting Tests Sort by Name A to Z (default)",
              "timedOut": false,
              "duration": 4402,
              "state": "passed",
              "speed": "slow",
              "pass": true,
              "fail": false,
              "pending": false,
              "context": null,
              "code": "await setupDriver();\nawait login();\nawait selectSort(\"az\");\nawait driver.quit();",
              "err": {},
              "uuid": "bcfa5908-a988-41f4-9f64-570cded3d01d",
              "parentUUID": "31aad28c-c05d-42eb-ad0e-9b95067e9b43",
              "isHook": false,
              "skipped": false
            },
            {
              "title": "Sort by Name Z to A",
              "fullTitle": "Saucedemo Sorting Tests Sort by Name Z to A",
              "timedOut": false,
              "duration": 1669,
              "state": "passed",
              "speed": "slow",
              "pass": true,
              "fail": false,
              "pending": false,
              "context": null,
              "code": "await setupDriver();\nawait login();\nawait selectSort(\"za\");\nawait driver.quit();",
              "err": {},
              "uuid": "7c2713a4-b71b-4f7c-b1aa-1ac28a05d8d2",
              "parentUUID": "31aad28c-c05d-42eb-ad0e-9b95067e9b43",
              "isHook": false,
              "skipped": false
            },
            {
              "title": "Sort by Price Low to High",
              "fullTitle": "Saucedemo Sorting Tests Sort by Price Low to High",
              "timedOut": false,
              "duration": 1850,
              "state": "passed",
              "speed": "slow",
              "pass": true,
              "fail": false,
              "pending": false,
              "context": null,
              "code": "await setupDriver();\nawait login();\nawait selectSort(\"lohi\");\nawait driver.quit();",
              "err": {},
              "uuid": "dc5a1c11-64dc-4e7b-a40a-2f54d30b4715",
              "parentUUID": "31aad28c-c05d-42eb-ad0e-9b95067e9b43",
              "isHook": false,
              "skipped": false
            },
            {
              "title": "Sort by Price High to Low",
              "fullTitle": "Saucedemo Sorting Tests Sort by Price High to Low",
              "timedOut": false,
              "duration": 1634,
              "state": "passed",
              "speed": "slow",
              "pass": true,
              "fail": false,
              "pending": false,
              "context": null,
              "code": "await setupDriver();\nawait login();\nawait selectSort(\"hilo\");\nawait driver.quit();",
              "err": {},
              "uuid": "62b9f926-496d-4825-917f-6f5a8d3652ea",
              "parentUUID": "31aad28c-c05d-42eb-ad0e-9b95067e9b43",
              "isHook": false,
              "skipped": false
            }
          ],
          "suites": [],
          "passes": [
            "bcfa5908-a988-41f4-9f64-570cded3d01d",
            "7c2713a4-b71b-4f7c-b1aa-1ac28a05d8d2",
            "dc5a1c11-64dc-4e7b-a40a-2f54d30b4715",
            "62b9f926-496d-4825-917f-6f5a8d3652ea"
          ],
          "failures": [],
          "pending": [],
          "skipped": [],
          "duration": 9555,
          "root": false,
          "rootEmpty": false,
          "_timeout": 60000
        }
      ],
      "passes": [],
      "failures": [],
      "pending": [],
      "skipped": [],
      "duration": 0,
      "root": true,
      "rootEmpty": true,
      "_timeout": 60000
    }
  ],
  "meta": {
    "mocha": {
      "version": "11.7.4"
    },
    "mochawesome": {
      "options": {
        "quiet": false,
        "reportFilename": "mochawesome",
        "saveHtml": true,
        "saveJson": true,
        "consoleReporter": "spec",
        "useInlineDiffs": false,
        "code": true
      },
      "version": "7.1.4"
    },
    "marge": {
      "options": null,
      "version": "6.3.0"
    }
  }
}